\BOOKMARK [1][-]{section.1}{Introduction}{}% 1
\BOOKMARK [2][-]{subsection.1.1}{Dependencies}{section.1}% 2
\BOOKMARK [2][-]{subsection.1.2}{Docker\040repos}{section.1}% 3
\BOOKMARK [1][-]{section.2}{To\040use\040SomaticSeq.Wrapper.sh}{}% 4
\BOOKMARK [2][-]{subsection.2.1}{To\040train\040data\040set\040into\040a\040classifier}{section.2}% 5
\BOOKMARK [2][-]{subsection.2.2}{To\040predict\040somatic\040mutation\040based\040on\040trained\040classifiers}{section.2}% 6
\BOOKMARK [2][-]{subsection.2.3}{To\040classify\040based\040on\040simple\040majority\040vote}{section.2}% 7
\BOOKMARK [1][-]{section.3}{The\040step-by-step\040SomaticSeq\040Workflow}{}% 8
\BOOKMARK [2][-]{subsection.3.1}{Combine\040the\040call\040sets}{section.3}% 9
\BOOKMARK [2][-]{subsection.3.2}{For\040model\040training:\040process\040and\040annotate\040the\040VCF\040files\040\(union\040of\040call\040sets\)}{section.3}% 10
\BOOKMARK [2][-]{subsection.3.3}{Convert\040the\040VCF\040file,\040annotated\040or\040otherwise,\040into\040a\040tab\040separated\040file}{section.3}% 11
\BOOKMARK [2][-]{subsection.3.4}{Model\040Training\040or\040Mutation\040Prediction}{section.3}% 12
\BOOKMARK [1][-]{section.4}{To\040run\040the\040dockerized\040somatic\040mutation\040callers}{}% 13
\BOOKMARK [2][-]{subsection.4.1}{Location}{section.4}% 14
\BOOKMARK [2][-]{subsection.4.2}{Requirements}{section.4}% 15
\BOOKMARK [2][-]{subsection.4.3}{Example\040commands}{section.4}% 16
\BOOKMARK [3][-]{subsubsection.4.3.1}{Parameters}{subsection.4.3}% 17
\BOOKMARK [3][-]{subsubsection.4.3.2}{What\040does\040the\040single-threaded\040command\040do}{subsection.4.3}% 18
\BOOKMARK [3][-]{subsubsection.4.3.3}{What\040does\040the\040multi-threaded\040command\040do}{subsection.4.3}% 19
\BOOKMARK [1][-]{section.5}{Use\040BAMSurgeon\040to\040create\040training\040set}{}% 20
\BOOKMARK [2][-]{subsection.5.1}{Requirements}{section.5}% 21
\BOOKMARK [1][-]{section.6}{Release\040Notes}{}% 22
\BOOKMARK [2][-]{subsection.6.1}{Version\0401.0}{section.6}% 23
\BOOKMARK [2][-]{subsection.6.2}{Version\0401.1}{section.6}% 24
\BOOKMARK [2][-]{subsection.6.3}{Version\0401.2}{section.6}% 25
\BOOKMARK [2][-]{subsection.6.4}{Version\0402.0}{section.6}% 26
\BOOKMARK [2][-]{subsection.6.5}{Version\0402.0.2}{section.6}% 27
\BOOKMARK [2][-]{subsection.6.6}{Version\0402.1.2}{section.6}% 28
\BOOKMARK [2][-]{subsection.6.7}{Version\0402.2}{section.6}% 29
\BOOKMARK [2][-]{subsection.6.8}{Version\0402.2.1}{section.6}% 30
\BOOKMARK [2][-]{subsection.6.9}{Version\0402.2.2}{section.6}% 31
\BOOKMARK [2][-]{subsection.6.10}{Version\0402.2.3}{section.6}% 32
\BOOKMARK [2][-]{subsection.6.11}{Version\0402.2.4}{section.6}% 33
\BOOKMARK [2][-]{subsection.6.12}{Version\0402.2.5}{section.6}% 34
\BOOKMARK [2][-]{subsection.6.13}{Version\0402.3.0}{section.6}% 35
\BOOKMARK [2][-]{subsection.6.14}{Version\0402.3.1}{section.6}% 36
\BOOKMARK [2][-]{subsection.6.15}{Version\0402.3.2}{section.6}% 37
\BOOKMARK [2][-]{subsection.6.16}{Version\0402.4.0}{section.6}% 38
\BOOKMARK [2][-]{subsection.6.17}{Version\0402.4.1}{section.6}% 39
\BOOKMARK [2][-]{subsection.6.18}{Version\0402.5.0}{section.6}% 40
\BOOKMARK [2][-]{subsection.6.19}{Version\0402.5.1}{section.6}% 41
\BOOKMARK [2][-]{subsection.6.20}{Version\0402.5.2}{section.6}% 42
\BOOKMARK [2][-]{subsection.6.21}{Version\0402.6.0}{section.6}% 43
\BOOKMARK [2][-]{subsection.6.22}{Version\0402.6.1}{section.6}% 44
\BOOKMARK [2][-]{subsection.6.23}{Version\0402.7.0}{section.6}% 45
\BOOKMARK [2][-]{subsection.6.24}{Version\0402.7.1}{section.6}% 46
\BOOKMARK [2][-]{subsection.6.25}{Version\0402.7.2}{section.6}% 47
\BOOKMARK [2][-]{subsection.6.26}{Version\0402.8.0}{section.6}% 48
\BOOKMARK [1][-]{section.7}{Contact\040Us}{}% 49
